<?xml version="1.0" encoding="UTF-8"?>
<!-- Generated by org.testng.reporters.JUnitXMLReporter -->
<testsuite hostname="Slava-PC" ignored="0" name="Command line test" tests="3" failures="0" timestamp="11 ספט 2018 05:39:57 GMT" time="4.094" errors="0">
  <testcase name="TestPostContent" time="0.145" classname="com.simpleTests.NewTest"/>
  <testcase name="testPostTitle" time="0.09" classname="com.simpleTests.NewTest"/>
  <testcase name="testSelectMenuItems" time="0.698" classname="com.simpleTests.NewTest"/>
</testsuite> <!-- Command line test -->
