<?xml version="1.0" encoding="UTF-8"?>
<!-- Generated by org.testng.reporters.JUnitXMLReporter -->
<testsuite hostname="Slava-PC" ignored="0" name="Default test" tests="3" failures="0" timestamp="10 сен 2018 14:35:49 GMT" time="3.578" errors="0">
  <testcase name="TestPostContent" time="0.159" classname="com.simpleTests.NewTest"/>
  <testcase name="testPostTitle" time="0.081" classname="com.simpleTests.NewTest"/>
  <testcase name="testSelectMenuItems" time="0.775" classname="com.simpleTests.NewTest"/>
</testsuite> <!-- Default test -->
