<?xml version="1.0" encoding="UTF-8"?>
<!-- Generated by org.testng.reporters.JUnitXMLReporter -->
<testsuite hostname="Slava-PC" ignored="0" name="Test" tests="3" failures="0" timestamp="11 сен 2018 05:36:12 GMT" time="17.394" errors="0">
  <testcase name="TestPostContent" time="0.176" classname="com.simpleTests.NewTest"/>
  <testcase name="testPostTitle" time="4.75" classname="com.simpleTests.NewTest"/>
  <testcase name="testSelectMenuItems" time="9.566" classname="com.simpleTests.NewTest"/>
</testsuite> <!-- Test -->
