<?xml version="1.0" encoding="UTF-8"?>
<!-- Generated by org.testng.reporters.JUnitXMLReporter -->
<testsuite hostname="Slava-PC" ignored="0" name="Happy Path" tests="3" failures="0" timestamp="10 сен 2018 12:39:40 GMT" time="3.672" errors="0">
  <testcase name="TestPostContent" time="0.146" classname="com.simpleTests.NewTest"/>
  <testcase name="testPostTitle" time="0.083" classname="com.simpleTests.NewTest"/>
  <testcase name="testSelectMenuItems" time="0.762" classname="com.simpleTests.NewTest"/>
</testsuite> <!-- Happy Path -->
