<?xml version="1.0" encoding="UTF-8"?>
<testng-results skipped="0" failed="0" ignored="0" total="3" passed="3">
  <reporter-output>
  </reporter-output>
  <suite name="com.simpleTests.NewTest" duration-ms="4094" started-at="2018-09-11T05:39:53Z" finished-at="2018-09-11T05:39:57Z">
    <groups>
    </groups>
    <test name="Command line test" duration-ms="4094" started-at="2018-09-11T05:39:53Z" finished-at="2018-09-11T05:39:57Z">
      <class name="com.simpleTests.NewTest">
        <test-method status="PASS" signature="beforeClass()[pri:0, instance:com.simpleTests.NewTest@d3bd8b]" name="beforeClass" is-config="true" duration-ms="2499" started-at="2018-09-11T05:39:53Z" finished-at="2018-09-11T05:39:56Z">
          <reporter-output>
          </reporter-output>
        </test-method> <!-- beforeClass -->
        <test-method status="PASS" signature="TestPostContent()[pri:0, instance:com.simpleTests.NewTest@d3bd8b]" name="TestPostContent" duration-ms="145" started-at="2018-09-11T05:39:56Z" finished-at="2018-09-11T05:39:56Z">
          <reporter-output>
          </reporter-output>
        </test-method> <!-- TestPostContent -->
        <test-method status="PASS" signature="testPostTitle()[pri:0, instance:com.simpleTests.NewTest@d3bd8b]" name="testPostTitle" duration-ms="90" started-at="2018-09-11T05:39:56Z" finished-at="2018-09-11T05:39:56Z">
          <reporter-output>
          </reporter-output>
        </test-method> <!-- testPostTitle -->
        <test-method status="PASS" signature="testSelectMenuItems()[pri:0, instance:com.simpleTests.NewTest@d3bd8b]" name="testSelectMenuItems" duration-ms="698" started-at="2018-09-11T05:39:56Z" finished-at="2018-09-11T05:39:57Z">
          <reporter-output>
          </reporter-output>
        </test-method> <!-- testSelectMenuItems -->
        <test-method status="PASS" signature="afterClass()[pri:0, instance:com.simpleTests.NewTest@d3bd8b]" name="afterClass" is-config="true" duration-ms="645" started-at="2018-09-11T05:39:57Z" finished-at="2018-09-11T05:39:57Z">
          <reporter-output>
          </reporter-output>
        </test-method> <!-- afterClass -->
      </class> <!-- com.simpleTests.NewTest -->
    </test> <!-- Command line test -->
  </suite> <!-- com.simpleTests.NewTest -->
</testng-results>
