<?xml version="1.0" encoding="UTF-8"?>
<testng-results skipped="0" failed="0" ignored="0" total="3" passed="3">
  <reporter-output>
  </reporter-output>
  <suite name="Suite" duration-ms="17394" started-at="2018-09-11T05:35:55Z" finished-at="2018-09-11T05:36:12Z">
    <groups>
    </groups>
    <test name="Test" duration-ms="17394" started-at="2018-09-11T05:35:55Z" finished-at="2018-09-11T05:36:12Z">
      <class name="com.simpleTests.NewTest">
        <test-method status="PASS" signature="beforeClass()[pri:0, instance:com.simpleTests.NewTest@192d43ce]" name="beforeClass" is-config="true" duration-ms="2196" started-at="2018-09-11T05:35:55Z" finished-at="2018-09-11T05:35:57Z">
          <reporter-output>
          </reporter-output>
        </test-method> <!-- beforeClass -->
        <test-method status="PASS" signature="TestPostContent()[pri:0, instance:com.simpleTests.NewTest@192d43ce]" name="TestPostContent" duration-ms="176" started-at="2018-09-11T05:35:57Z" finished-at="2018-09-11T05:35:57Z">
          <reporter-output>
          </reporter-output>
        </test-method> <!-- TestPostContent -->
        <test-method status="PASS" signature="testPostTitle()[pri:0, instance:com.simpleTests.NewTest@192d43ce]" name="testPostTitle" duration-ms="4750" started-at="2018-09-11T05:35:57Z" finished-at="2018-09-11T05:36:02Z">
          <reporter-output>
          </reporter-output>
        </test-method> <!-- testPostTitle -->
        <test-method status="PASS" signature="testSelectMenuItems()[pri:0, instance:com.simpleTests.NewTest@192d43ce]" name="testSelectMenuItems" duration-ms="9566" started-at="2018-09-11T05:36:02Z" finished-at="2018-09-11T05:36:11Z">
          <reporter-output>
          </reporter-output>
        </test-method> <!-- testSelectMenuItems -->
        <test-method status="PASS" signature="afterClass()[pri:0, instance:com.simpleTests.NewTest@192d43ce]" name="afterClass" is-config="true" duration-ms="685" started-at="2018-09-11T05:36:11Z" finished-at="2018-09-11T05:36:12Z">
          <reporter-output>
          </reporter-output>
        </test-method> <!-- afterClass -->
      </class> <!-- com.simpleTests.NewTest -->
    </test> <!-- Test -->
  </suite> <!-- Suite -->
</testng-results>
